<?xml version="1.0" encoding="UTF-8"?>
<!-- Generated by org.testng.reporters.JUnitReportReporter -->
<testsuite skipped="0" hostname="DESKTOP-76UUMSL" name="com.training.regression.tests.LoginDBTest" tests="1" failures="0" timestamp="21 Jan 2020 03:07:57 GMT" time="11.372" errors="0">
  <testcase name="loginDBTest" time="11.372" classname="com.training.regression.tests.LoginDBTest"/>
</testsuite> <!-- com.training.regression.tests.LoginDBTest -->
