<?xml version="1.0" encoding="UTF-8"?>
<!-- Generated by org.testng.reporters.JUnitReportReporter -->
<testsuite skipped="0" hostname="DESKTOP-76UUMSL" name="com.training.sanity.tests.LoginTests" tests="3" failures="0" timestamp="14 Jan 2020 03:16:05 GMT" time="49.786" errors="0">
  <testcase name="validStudentLoginTest" time="10.013" classname="com.training.sanity.tests.LoginTests"/>
  <testcase name="validAdminLoginTest" time="8.360" classname="com.training.sanity.tests.LoginTests"/>
  <testcase name="validEditProfile" time="31.413" classname="com.training.sanity.tests.LoginTests"/>
</testsuite> <!-- com.training.sanity.tests.LoginTests -->
