<?xml version="1.0" encoding="UTF-8"?>
<!-- Generated by org.testng.reporters.JUnitReportReporter -->
<testsuite skipped="0" hostname="DESKTOP-76UUMSL" name="com.training.regression.tests.LoginTestData" tests="1" failures="0" timestamp="22 Jan 2020 01:39:30 GMT" time="10.507" errors="0">
  <testcase name="loginDBTest" time="10.507" classname="com.training.regression.tests.LoginTestData"/>
</testsuite> <!-- com.training.regression.tests.LoginTestData -->
