<?xml version="1.0" encoding="UTF-8"?>
<!-- Generated by org.testng.reporters.JUnitReportReporter -->
<testsuite skipped="0" hostname="DESKTOP-76UUMSL" name="com.training.sanity.tests.LoginTests" tests="1" failures="0" timestamp="07 Jan 2020 03:12:56 GMT" time="7.630" errors="0">
  <testcase name="validLoginTest" time="7.630" classname="com.training.sanity.tests.LoginTests"/>
</testsuite> <!-- com.training.sanity.tests.LoginTests -->
