<?xml version="1.0" encoding="UTF-8"?>
<!-- Generated by org.testng.reporters.JUnitReportReporter -->
<testsuite skipped="0" hostname="DESKTOP-76UUMSL" name="com.training.sanity.tests.StudentRegisterCourse" tests="1" failures="0" timestamp="22 Jan 2020 00:16:41 GMT" time="23.493" errors="0">
  <testcase name="GroupChat" time="23.493" classname="com.training.sanity.tests.StudentRegisterCourse"/>
</testsuite> <!-- com.training.sanity.tests.StudentRegisterCourse -->
